Radar/build/outputs/logs/manifest-merger-debug-report.txt
-- Merging decision tree log ---
manifest
ADDED from ms_gradle\Radar\AndroidManifest.xml:2:1-522:12
	package
		ADDED from ms_gradle\Radar\AndroidManifest.xml:3:5-31
	android:versionName
		ADDED from ms_gradle\Radar\AndroidManifest.xml:6:5-32
		INJECTED from ms_gradle\Radar\AndroidManifest.xml
		INJECTED from ms_gradle\Radar\AndroidManifest.xml
	android:versionCode
		ADDED from ms_gradle\Radar\AndroidManifest.xml:5:5-30
		INJECTED from ms_gradle\Radar\AndroidManifest.xml
		INJECTED from ms_gradle\Radar\AndroidManifest.xml
	xmlns:android
		ADDED from ms_gradle\Radar\AndroidManifest.xml:4:5-63
uses-sdk
ADDED from ms_gradle\Radar\AndroidManifest.xml:8:5-11:40
MERGED from [com.android.support:multidex:1.0.1] AndroidManifest.xml:18:5-42
MERGED from [ms_gradle:BBSLibrary:unspecified] AndroidManifest.xml:6:5-44
MERGED from [ms_gradle:WidgetLibrary:unspecified] AndroidManifest.xml:6:5-44
	android:targetSdkVersion
		ADDED from ms_gradle\Radar\AndroidManifest.xml:11:9-38
	android:minSdkVersion
		ADDED from ms_gradle\Radar\AndroidManifest.xml:10:9-35
		INJECTED from ms_gradle\Radar\AndroidManifest.xml
		INJECTED from ms_gradle\Radar\AndroidManifest.xml
uses-permission#android.permission.VIBRATE
ADDED from ms_gradle\Radar\AndroidManifest.xml:13:5-65
	android:name
		ADDED from ms_gradle\Radar\AndroidManifest.xml:13:22-63
uses-permission#android.permission.CAMERA
ADDED from ms_gradle\Radar\AndroidManifest.xml:14:5-64
	android:name
		ADDED from ms_gradle\Radar\AndroidManifest.xml:14:22-62
uses-feature#android.hardware.camera
ADDED from ms_gradle\Radar\AndroidManifest.xml:16:5-59
	android:name
		ADDED from ms_gradle\Radar\AndroidManifest.xml:16:19-57
uses-feature#android.hardware.camera.autofocus
ADDED from ms_gradle\Radar\AndroidManifest.xml:17:5-69
	android:name
		ADDED from ms_gradle\Radar\AndroidManifest.xml:17:19-67
uses-permission#android.permission.FLASHLIGHT
ADDED from ms_gradle\Radar\AndroidManifest.xml:19:5-68
	android:name
		ADDED from ms_gradle\Radar\AndroidManifest.xml:19:22-66
uses-permission#android.permission.READ_EXTERNAL_STORAGE
ADDED from ms_gradle\Radar\AndroidManifest.xml:20:5-79
	android:name
		ADDED from ms_gradle\Radar\AndroidManifest.xml:20:22-77
uses-permission#android.permission.CHANGE_WIFI_STATE
ADDED from ms_gradle\Radar\AndroidManifest.xml:23:5-75
	android:name
		ADDED from ms_gradle\Radar\AndroidManifest.xml:23:22-73
uses-permission#android.permission.ACCESS_WIFI_STATE
ADDED from ms_gradle\Radar\AndroidManifest.xml:24:5-75
	android:name
		ADDED from ms_gradle\Radar\AndroidManifest.xml:24:22-73
uses-permission#android.permission.INTERNET
ADDED from ms_gradle\Radar\AndroidManifest.xml:25:5-66
	android:name
		ADDED from ms_gradle\Radar\AndroidManifest.xml:25:22-64
uses-permission#android.permission.WRITE_EXTERNAL_STORAGE
ADDED from ms_gradle\Radar\AndroidManifest.xml:26:5-80
	android:name
		ADDED from ms_gradle\Radar\AndroidManifest.xml:26:22-78
uses-permission#android.permission.MODIFY_AUDIO_SETTINGS
ADDED from ms_gradle\Radar\AndroidManifest.xml:27:5-79
	android:name
		ADDED from ms_gradle\Radar\AndroidManifest.xml:27:22-77
uses-permission#android.permission.CHANGE_NETWORK_STATE
ADDED from ms_gradle\Radar\AndroidManifest.xml:28:5-78
	android:name
		ADDED from ms_gradle\Radar\AndroidManifest.xml:28:22-76
uses-permission#android.permission.CHANGE_WIFI_MULTICAST_STATE
ADDED from ms_gradle\Radar\AndroidManifest.xml:29:5-85
	android:name
		ADDED from ms_gradle\Radar\AndroidManifest.xml:29:22-83
uses-permission#android.permission.GET_TASKS
ADDED from ms_gradle\Radar\AndroidManifest.xml:30:5-67
	android:name
		ADDED from ms_gradle\Radar\AndroidManifest.xml:30:22-65
uses-permission#android.permission.READ_PHONE_STATE
ADDED from ms_gradle\Radar\AndroidManifest.xml:31:5-74
	android:name
		ADDED from ms_gradle\Radar\AndroidManifest.xml:31:22-72
uses-permission#android.permission.MANAGE_ACCOUNTS
ADDED from ms_gradle\Radar\AndroidManifest.xml:32:5-73
	android:name
		ADDED from ms_gradle\Radar\AndroidManifest.xml:32:22-71
uses-permission#android.permission.GET_ACCOUNTS
ADDED from ms_gradle\Radar\AndroidManifest.xml:33:5-70
	android:name
		ADDED from ms_gradle\Radar\AndroidManifest.xml:33:22-68
uses-permission#android.permission.WAKE_LOCK
ADDED from ms_gradle\Radar\AndroidManifest.xml:34:5-67
	android:name
		ADDED from ms_gradle\Radar\AndroidManifest.xml:34:22-65
uses-permission#android.permission.BLUETOOTH
ADDED from ms_gradle\Radar\AndroidManifest.xml:35:5-67
	android:name
		ADDED from ms_gradle\Radar\AndroidManifest.xml:35:22-65
uses-permission#android.permission.BLUETOOTH_ADMIN
ADDED from ms_gradle\Radar\AndroidManifest.xml:36:5-73
	android:name
		ADDED from ms_gradle\Radar\AndroidManifest.xml:36:22-71
uses-permission#android.permission.READ_CONTACTS
ADDED from ms_gradle\Radar\AndroidManifest.xml:39:5-71
	android:name
		ADDED from ms_gradle\Radar\AndroidManifest.xml:39:22-69
uses-permission#android.permission.ACCESS_NETWORK_STATE
ADDED from ms_gradle\Radar\AndroidManifest.xml:42:5-78
	android:name
		ADDED from ms_gradle\Radar\AndroidManifest.xml:42:22-76
uses-permission#android.permission.RECEIVE_SMS
ADDED from ms_gradle\Radar\AndroidManifest.xml:45:5-69
	android:name
		ADDED from ms_gradle\Radar\AndroidManifest.xml:45:22-67
uses-permission#android.permission.ACCESS_FINE_LOCATION
ADDED from ms_gradle\Radar\AndroidManifest.xml:46:5-78
	android:name
		ADDED from ms_gradle\Radar\AndroidManifest.xml:46:22-76
uses-permission#android.permission.RECORD_AUDIO
ADDED from ms_gradle\Radar\AndroidManifest.xml:49:5-70
	android:name
		ADDED from ms_gradle\Radar\AndroidManifest.xml:49:22-68
uses-permission#android.permission.ACCESS_COARSE_LOCATION
ADDED from ms_gradle\Radar\AndroidManifest.xml:53:5-54:23
	android:name
		ADDED from ms_gradle\Radar\AndroidManifest.xml:53:22-78
uses-permission#android.permission.MOUNT_UNMOUNT_FILESYSTEMS
ADDED from ms_gradle\Radar\AndroidManifest.xml:59:5-60:23
	android:name
		ADDED from ms_gradle\Radar\AndroidManifest.xml:59:22-81
uses-permission#android.permission.WRITE_SETTINGS
ADDED from ms_gradle\Radar\AndroidManifest.xml:61:5-72
	android:name
		ADDED from ms_gradle\Radar\AndroidManifest.xml:61:22-70
uses-feature#android.hardware.bluetooth_le
ADDED from ms_gradle\Radar\AndroidManifest.xml:63:5-65:34
	android:required
		ADDED from ms_gradle\Radar\AndroidManifest.xml:65:9-32
	android:name
		ADDED from ms_gradle\Radar\AndroidManifest.xml:64:9-53
application
ADDED from ms_gradle\Radar\AndroidManifest.xml:68:5-516:19
	android:label
		ADDED from ms_gradle\Radar\AndroidManifest.xml:72:9-41
	android:allowBackup
		ADDED from ms_gradle\Radar\AndroidManifest.xml:70:9-35
	android:icon
		ADDED from ms_gradle\Radar\AndroidManifest.xml:71:9-46
	android:largeHeap
		ADDED from ms_gradle\Radar\AndroidManifest.xml:73:9-33
	android:theme
		ADDED from ms_gradle\Radar\AndroidManifest.xml:74:9-43
	android:name
		ADDED from ms_gradle\Radar\AndroidManifest.xml:69:9-69
activity#com.dilapp.radar.TestActivity
ADDED from ms_gradle\Radar\AndroidManifest.xml:77:9-81:20
	android:label
		ADDED from ms_gradle\Radar\AndroidManifest.xml:80:13-56
	android:configChanges
		ADDED from ms_gradle\Radar\AndroidManifest.xml:79:13-63
	android:name
		ADDED from ms_gradle\Radar\AndroidManifest.xml:78:13-57
activity#com.dilapp.radar.MipcaActivityCapture
ADDED from ms_gradle\Radar\AndroidManifest.xml:82:9-87:20
	android:screenOrientation
		ADDED from ms_gradle\Radar\AndroidManifest.xml:85:13-49
	android:windowSoftInputMode
		ADDED from ms_gradle\Radar\AndroidManifest.xml:86:13-60
	android:configChanges
		ADDED from ms_gradle\Radar\AndroidManifest.xml:84:13-63
	android:name
		ADDED from ms_gradle\Radar\AndroidManifest.xml:83:13-65
activity#com.dilapp.radar.SkinProductsScan
ADDED from ms_gradle\Radar\AndroidManifest.xml:88:9-92:20
	android:label
		ADDED from ms_gradle\Radar\AndroidManifest.xml:90:13-56
	android:launchMode
		ADDED from ms_gradle\Radar\AndroidManifest.xml:91:13-43
	android:name
		ADDED from ms_gradle\Radar\AndroidManifest.xml:89:13-61
activity#com.dilapp.radar.ui.WelcomePre
ADDED from ms_gradle\Radar\AndroidManifest.xml:93:9-101:20
	android:screenOrientation
		ADDED from ms_gradle\Radar\AndroidManifest.xml:95:13-49
	android:name
		ADDED from ms_gradle\Radar\AndroidManifest.xml:94:13-58
intent-filter#android.intent.action.MAIN+android.intent.category.LAUNCHER
ADDED from ms_gradle\Radar\AndroidManifest.xml:96:13-100:29
action#android.intent.action.MAIN
ADDED from ms_gradle\Radar\AndroidManifest.xml:97:17-68
	android:name
		ADDED from ms_gradle\Radar\AndroidManifest.xml:97:25-66
category#android.intent.category.LAUNCHER
ADDED from ms_gradle\Radar\AndroidManifest.xml:99:17-76
	android:name
		ADDED from ms_gradle\Radar\AndroidManifest.xml:99:27-74
activity#cn.smssdk.SMSSDKUIShell
ADDED from ms_gradle\Radar\AndroidManifest.xml:102:9-106:69
	android:windowSoftInputMode
		ADDED from ms_gradle\Radar\AndroidManifest.xml:106:13-67
	android:configChanges
		ADDED from ms_gradle\Radar\AndroidManifest.xml:104:13-74
	android:theme
		ADDED from ms_gradle\Radar\AndroidManifest.xml:105:13-72
	android:name
		ADDED from ms_gradle\Radar\AndroidManifest.xml:103:13-51
activity#com.dilapp.radar.ui.WelcomeLogin
ADDED from ms_gradle\Radar\AndroidManifest.xml:107:9-112:20
	android:screenOrientation
		ADDED from ms_gradle\Radar\AndroidManifest.xml:110:13-49
	android:launchMode
		ADDED from ms_gradle\Radar\AndroidManifest.xml:109:13-44
	android:windowSoftInputMode
		ADDED from ms_gradle\Radar\AndroidManifest.xml:111:13-52
	android:name
		ADDED from ms_gradle\Radar\AndroidManifest.xml:108:13-60
activity#com.dilapp.radar.ui.account.ActivityRegisterOne
ADDED from ms_gradle\Radar\AndroidManifest.xml:113:9-117:20
	android:screenOrientation
		ADDED from ms_gradle\Radar\AndroidManifest.xml:115:13-49
	android:windowSoftInputMode
		ADDED from ms_gradle\Radar\AndroidManifest.xml:116:13-52
	android:name
		ADDED from ms_gradle\Radar\AndroidManifest.xml:114:13-75
activity#com.dilapp.radar.ui.account.ActivityCommonRegister
ADDED from ms_gradle\Radar\AndroidManifest.xml:118:9-122:20
	android:screenOrientation
		ADDED from ms_gradle\Radar\AndroidManifest.xml:120:13-49
	android:windowSoftInputMode
		ADDED from ms_gradle\Radar\AndroidManifest.xml:121:13-52
	android:name
		ADDED from ms_gradle\Radar\AndroidManifest.xml:119:13-78
activity#com.dilapp.radar.ui.account.ActivityPhoneRegister
ADDED from ms_gradle\Radar\AndroidManifest.xml:123:9-127:20
	android:screenOrientation
		ADDED from ms_gradle\Radar\AndroidManifest.xml:125:13-49
	android:windowSoftInputMode
		ADDED from ms_gradle\Radar\AndroidManifest.xml:126:13-52
	android:name
		ADDED from ms_gradle\Radar\AndroidManifest.xml:124:13-77
activity#com.dilapp.radar.ui.account.ActivityPhoneResetPassword
ADDED from ms_gradle\Radar\AndroidManifest.xml:128:9-132:20
	android:screenOrientation
		ADDED from ms_gradle\Radar\AndroidManifest.xml:130:13-49
	android:windowSoftInputMode
		ADDED from ms_gradle\Radar\AndroidManifest.xml:131:13-52
	android:name
		ADDED from ms_gradle\Radar\AndroidManifest.xml:129:13-82
activity#com.dilapp.radar.ui.account.ActivityEmailResetPassword
ADDED from ms_gradle\Radar\AndroidManifest.xml:133:9-137:20
	android:screenOrientation
		ADDED from ms_gradle\Radar\AndroidManifest.xml:135:13-49
	android:windowSoftInputMode
		ADDED from ms_gradle\Radar\AndroidManifest.xml:136:13-52
	android:name
		ADDED from ms_gradle\Radar\AndroidManifest.xml:134:13-82
activity#com.dilapp.radar.ui.account.ActivityEmailRetrieve
ADDED from ms_gradle\Radar\AndroidManifest.xml:138:9-142:20
	android:screenOrientation
		ADDED from ms_gradle\Radar\AndroidManifest.xml:140:13-49
	android:windowSoftInputMode
		ADDED from ms_gradle\Radar\AndroidManifest.xml:141:13-52
	android:name
		ADDED from ms_gradle\Radar\AndroidManifest.xml:139:13-77
activity#com.dilapp.radar.ui.account.ActivityRetrievePassword
ADDED from ms_gradle\Radar\AndroidManifest.xml:143:9-147:20
	android:screenOrientation
		ADDED from ms_gradle\Radar\AndroidManifest.xml:145:13-49
	android:windowSoftInputMode
		ADDED from ms_gradle\Radar\AndroidManifest.xml:146:13-52
	android:name
		ADDED from ms_gradle\Radar\AndroidManifest.xml:144:13-80
activity#com.dilapp.radar.ui.account.ActivityRegisterAge
ADDED from ms_gradle\Radar\AndroidManifest.xml:148:9-152:20
	android:screenOrientation
		ADDED from ms_gradle\Radar\AndroidManifest.xml:150:13-49
	android:windowSoftInputMode
		ADDED from ms_gradle\Radar\AndroidManifest.xml:151:13-52
	android:name
		ADDED from ms_gradle\Radar\AndroidManifest.xml:149:13-75
activity#com.dilapp.radar.ui.account.ActivityRegisterTwo
ADDED from ms_gradle\Radar\AndroidManifest.xml:153:9-156:20
	android:screenOrientation
		ADDED from ms_gradle\Radar\AndroidManifest.xml:155:13-49
	android:name
		ADDED from ms_gradle\Radar\AndroidManifest.xml:154:13-75
activity#com.dilapp.radar.ui.mine.ActivityEditNickName
ADDED from ms_gradle\Radar\AndroidManifest.xml:157:9-160:20
	android:screenOrientation
		ADDED from ms_gradle\Radar\AndroidManifest.xml:159:13-49
	android:name
		ADDED from ms_gradle\Radar\AndroidManifest.xml:158:13-73
activity#com.dilapp.radar.ui.mine.ActivityBindingEmail
ADDED from ms_gradle\Radar\AndroidManifest.xml:161:9-164:20
	android:screenOrientation
		ADDED from ms_gradle\Radar\AndroidManifest.xml:163:13-49
	android:name
		ADDED from ms_gradle\Radar\AndroidManifest.xml:162:13-73
activity#com.dilapp.radar.ui.mine.ActivityBindingPhone
ADDED from ms_gradle\Radar\AndroidManifest.xml:165:9-168:20
	android:screenOrientation
		ADDED from ms_gradle\Radar\AndroidManifest.xml:167:13-49
	android:name
		ADDED from ms_gradle\Radar\AndroidManifest.xml:166:13-73
activity#com.dilapp.radar.ui.mine.ActivityAmendPassword
ADDED from ms_gradle\Radar\AndroidManifest.xml:169:9-172:20
	android:screenOrientation
		ADDED from ms_gradle\Radar\AndroidManifest.xml:171:13-49
	android:name
		ADDED from ms_gradle\Radar\AndroidManifest.xml:170:13-74
activity#com.dilapp.radar.ui.mine.ActivityEditGender
ADDED from ms_gradle\Radar\AndroidManifest.xml:173:9-176:20
	android:screenOrientation
		ADDED from ms_gradle\Radar\AndroidManifest.xml:175:13-49
	android:name
		ADDED from ms_gradle\Radar\AndroidManifest.xml:174:13-71
activity#com.dilapp.radar.ui.mine.ActivityEditSkinType
ADDED from ms_gradle\Radar\AndroidManifest.xml:177:9-180:20
	android:screenOrientation
		ADDED from ms_gradle\Radar\AndroidManifest.xml:179:13-49
	android:name
		ADDED from ms_gradle\Radar\AndroidManifest.xml:178:13-73
activity#com.dilapp.radar.ui.mine.ActivityEditAgeArea
ADDED from ms_gradle\Radar\AndroidManifest.xml:181:9-184:20
	android:screenOrientation
		ADDED from ms_gradle\Radar\AndroidManifest.xml:183:13-49
	android:name
		ADDED from ms_gradle\Radar\AndroidManifest.xml:182:13-72
activity#com.dilapp.radar.ui.mine.ActivityEditLocation
ADDED from ms_gradle\Radar\AndroidManifest.xml:185:9-188:20
	android:screenOrientation
		ADDED from ms_gradle\Radar\AndroidManifest.xml:187:13-49
	android:name
		ADDED from ms_gradle\Radar\AndroidManifest.xml:186:13-73
activity#com.dilapp.radar.ui.mine.ActivityOthers
ADDED from ms_gradle\Radar\AndroidManifest.xml:189:9-192:20
	android:screenOrientation
		ADDED from ms_gradle\Radar\AndroidManifest.xml:191:13-49
	android:name
		ADDED from ms_gradle\Radar\AndroidManifest.xml:190:13-67
activity#com.dilapp.radar.ui.mine.ActivityMyCarePlan
ADDED from ms_gradle\Radar\AndroidManifest.xml:193:9-195:51
	android:screenOrientation
		ADDED from ms_gradle\Radar\AndroidManifest.xml:195:13-49
	android:name
		ADDED from ms_gradle\Radar\AndroidManifest.xml:194:13-55
activity#com.dilapp.radar.ui.admin.ActivityEditTopModel
ADDED from ms_gradle\Radar\AndroidManifest.xml:196:9-199:20
	android:screenOrientation
		ADDED from ms_gradle\Radar\AndroidManifest.xml:198:13-49
	android:name
		ADDED from ms_gradle\Radar\AndroidManifest.xml:197:13-74
activity#com.dilapp.radar.update.ActivityRadarDetail
ADDED from ms_gradle\Radar\AndroidManifest.xml:200:9-203:20
	android:screenOrientation
		ADDED from ms_gradle\Radar\AndroidManifest.xml:202:13-49
	android:name
		ADDED from ms_gradle\Radar\AndroidManifest.xml:201:13-71
activity#com.dilapp.radar.chat.ChatActivity2
ADDED from ms_gradle\Radar\AndroidManifest.xml:206:9-210:20
	android:screenOrientation
		ADDED from ms_gradle\Radar\AndroidManifest.xml:208:13-49
	android:windowSoftInputMode
		ADDED from ms_gradle\Radar\AndroidManifest.xml:209:13-55
	android:name
		ADDED from ms_gradle\Radar\AndroidManifest.xml:207:13-63
activity#com.dilapp.radar.chat.ShowBigImageActivity
ADDED from ms_gradle\Radar\AndroidManifest.xml:211:9-214:20
	android:screenOrientation
		ADDED from ms_gradle\Radar\AndroidManifest.xml:213:13-49
	android:name
		ADDED from ms_gradle\Radar\AndroidManifest.xml:212:13-70
activity#com.dilapp.radar.ui.ActivitySplish
ADDED from ms_gradle\Radar\AndroidManifest.xml:216:9-219:60
	android:screenOrientation
		ADDED from ms_gradle\Radar\AndroidManifest.xml:218:13-49
	android:theme
		ADDED from ms_gradle\Radar\AndroidManifest.xml:219:13-58
	android:name
		ADDED from ms_gradle\Radar\AndroidManifest.xml:217:13-46
activity#com.dilapp.radar.ui.ActivityTabs
ADDED from ms_gradle\Radar\AndroidManifest.xml:220:9-224:62
	android:screenOrientation
		ADDED from ms_gradle\Radar\AndroidManifest.xml:223:13-49
	android:launchMode
		ADDED from ms_gradle\Radar\AndroidManifest.xml:222:13-44
	android:windowSoftInputMode
		ADDED from ms_gradle\Radar\AndroidManifest.xml:224:13-60
	android:name
		ADDED from ms_gradle\Radar\AndroidManifest.xml:221:13-44
activity#com.dilapp.radar.ui.topic.ActivityTopicSearch
ADDED from ms_gradle\Radar\AndroidManifest.xml:225:9-228:60
	android:screenOrientation
		ADDED from ms_gradle\Radar\AndroidManifest.xml:227:13-49
	android:theme
		ADDED from ms_gradle\Radar\AndroidManifest.xml:228:13-58
	android:name
		ADDED from ms_gradle\Radar\AndroidManifest.xml:226:13-57
activity#com.dilapp.radar.ui.topic.ActivityPostSearch
ADDED from ms_gradle\Radar\AndroidManifest.xml:229:9-233:70
	android:screenOrientation
		ADDED from ms_gradle\Radar\AndroidManifest.xml:231:13-49
	android:windowSoftInputMode
		ADDED from ms_gradle\Radar\AndroidManifest.xml:233:13-68
	android:theme
		ADDED from ms_gradle\Radar\AndroidManifest.xml:232:13-58
	android:name
		ADDED from ms_gradle\Radar\AndroidManifest.xml:230:13-56
activity#com.dilapp.radar.ui.topic.ActivityPostEditPre
ADDED from ms_gradle\Radar\AndroidManifest.xml:234:9-237:75
	android:screenOrientation
		ADDED from ms_gradle\Radar\AndroidManifest.xml:236:13-49
	android:windowSoftInputMode
		ADDED from ms_gradle\Radar\AndroidManifest.xml:237:13-73
	android:name
		ADDED from ms_gradle\Radar\AndroidManifest.xml:235:13-57
activity#com.dilapp.radar.ui.topic.ActivityPostEdit
ADDED from ms_gradle\Radar\AndroidManifest.xml:238:9-241:70
	android:screenOrientation
		ADDED from ms_gradle\Radar\AndroidManifest.xml:240:13-49
	android:windowSoftInputMode
		ADDED from ms_gradle\Radar\AndroidManifest.xml:241:13-68
	android:name
		ADDED from ms_gradle\Radar\AndroidManifest.xml:239:13-54
activity#com.dilapp.radar.ui.topic.ActivityPostChoicePlan
ADDED from ms_gradle\Radar\AndroidManifest.xml:242:9-246:62
	android:screenOrientation
		ADDED from ms_gradle\Radar\AndroidManifest.xml:244:13-49
	android:windowSoftInputMode
		ADDED from ms_gradle\Radar\AndroidManifest.xml:246:13-60
	android:theme
		ADDED from ms_gradle\Radar\AndroidManifest.xml:245:13-58
	android:name
		ADDED from ms_gradle\Radar\AndroidManifest.xml:243:13-60
activity#com.dilapp.radar.ui.topic.ActivityPostDetail
ADDED from ms_gradle\Radar\AndroidManifest.xml:247:9-250:75
	android:screenOrientation
		ADDED from ms_gradle\Radar\AndroidManifest.xml:249:13-49
	android:windowSoftInputMode
		ADDED from ms_gradle\Radar\AndroidManifest.xml:250:13-73
	android:name
		ADDED from ms_gradle\Radar\AndroidManifest.xml:248:13-56
activity#com.dilapp.radar.ui.topic.ActivityPostPreview
ADDED from ms_gradle\Radar\AndroidManifest.xml:251:9-253:51
	android:screenOrientation
		ADDED from ms_gradle\Radar\AndroidManifest.xml:253:13-49
	android:name
		ADDED from ms_gradle\Radar\AndroidManifest.xml:252:13-57
activity#com.dilapp.radar.ui.topic.ActivityPostComment
ADDED from ms_gradle\Radar\AndroidManifest.xml:254:9-257:70
	android:screenOrientation
		ADDED from ms_gradle\Radar\AndroidManifest.xml:256:13-49
	android:windowSoftInputMode
		ADDED from ms_gradle\Radar\AndroidManifest.xml:257:13-68
	android:name
		ADDED from ms_gradle\Radar\AndroidManifest.xml:255:13-57
activity#com.dilapp.radar.ui.topic.ActivityCarePlanList
ADDED from ms_gradle\Radar\AndroidManifest.xml:258:9-260:51
	android:screenOrientation
		ADDED from ms_gradle\Radar\AndroidManifest.xml:260:13-49
	android:name
		ADDED from ms_gradle\Radar\AndroidManifest.xml:259:13-58
activity#com.dilapp.radar.ui.topic.ActivityCarePlanEdit
ADDED from ms_gradle\Radar\AndroidManifest.xml:261:9-264:69
	android:screenOrientation
		ADDED from ms_gradle\Radar\AndroidManifest.xml:263:13-49
	android:windowSoftInputMode
		ADDED from ms_gradle\Radar\AndroidManifest.xml:264:13-67
	android:name
		ADDED from ms_gradle\Radar\AndroidManifest.xml:262:13-58
activity#com.dilapp.radar.ui.topic.ActivityCarePlanDetail
ADDED from ms_gradle\Radar\AndroidManifest.xml:265:9-268:75
	android:screenOrientation
		ADDED from ms_gradle\Radar\AndroidManifest.xml:267:13-49
	android:windowSoftInputMode
		ADDED from ms_gradle\Radar\AndroidManifest.xml:268:13-73
	android:name
		ADDED from ms_gradle\Radar\AndroidManifest.xml:266:13-60
activity#com.dilapp.radar.ui.skintest.ActivityTakingSkin
ADDED from ms_gradle\Radar\AndroidManifest.xml:269:9-271:51
	android:screenOrientation
		ADDED from ms_gradle\Radar\AndroidManifest.xml:271:13-49
	android:name
		ADDED from ms_gradle\Radar\AndroidManifest.xml:270:13-59
activity#com.dilapp.radar.ui.skintest.ActivityTakingConfirm
ADDED from ms_gradle\Radar\AndroidManifest.xml:272:9-274:51
	android:screenOrientation
		ADDED from ms_gradle\Radar\AndroidManifest.xml:274:13-49
	android:name
		ADDED from ms_gradle\Radar\AndroidManifest.xml:273:13-62
activity#com.dilapp.radar.ui.skintest.ActivityDailyChoosePart
ADDED from ms_gradle\Radar\AndroidManifest.xml:275:9-277:51
	android:screenOrientation
		ADDED from ms_gradle\Radar\AndroidManifest.xml:277:13-49
	android:name
		ADDED from ms_gradle\Radar\AndroidManifest.xml:276:13-64
activity#com.dilapp.radar.ui.skintest.ActivityDailyResult
ADDED from ms_gradle\Radar\AndroidManifest.xml:278:9-280:51
	android:screenOrientation
		ADDED from ms_gradle\Radar\AndroidManifest.xml:280:13-49
	android:name
		ADDED from ms_gradle\Radar\AndroidManifest.xml:279:13-60
activity#com.dilapp.radar.ui.skintest.ActivitySkinChoosePart
ADDED from ms_gradle\Radar\AndroidManifest.xml:281:9-283:51
	android:screenOrientation
		ADDED from ms_gradle\Radar\AndroidManifest.xml:283:13-49
	android:name
		ADDED from ms_gradle\Radar\AndroidManifest.xml:282:13-63
activity#com.dilapp.radar.ui.skintest.ActivitySkinResult
ADDED from ms_gradle\Radar\AndroidManifest.xml:284:9-286:51
	android:screenOrientation
		ADDED from ms_gradle\Radar\AndroidManifest.xml:286:13-49
	android:name
		ADDED from ms_gradle\Radar\AndroidManifest.xml:285:13-59
activity#com.dilapp.radar.ui.skintest.ActivityTasteSearch
ADDED from ms_gradle\Radar\AndroidManifest.xml:287:9-291:69
	android:screenOrientation
		ADDED from ms_gradle\Radar\AndroidManifest.xml:289:13-49
	android:windowSoftInputMode
		ADDED from ms_gradle\Radar\AndroidManifest.xml:291:13-67
	android:theme
		ADDED from ms_gradle\Radar\AndroidManifest.xml:290:13-58
	android:name
		ADDED from ms_gradle\Radar\AndroidManifest.xml:288:13-60
activity#com.dilapp.radar.ui.skintest.ActivityTasteChoosePart
ADDED from ms_gradle\Radar\AndroidManifest.xml:292:9-294:51
	android:screenOrientation
		ADDED from ms_gradle\Radar\AndroidManifest.xml:294:13-49
	android:name
		ADDED from ms_gradle\Radar\AndroidManifest.xml:293:13-64
activity#com.dilapp.radar.ui.skintest.ActivityTasteResult
ADDED from ms_gradle\Radar\AndroidManifest.xml:295:9-297:51
	android:screenOrientation
		ADDED from ms_gradle\Radar\AndroidManifest.xml:297:13-49
	android:name
		ADDED from ms_gradle\Radar\AndroidManifest.xml:296:13-60
activity#com.dilapp.radar.ui.skintest.ActivityMicroscope
ADDED from ms_gradle\Radar\AndroidManifest.xml:298:9-301:60
	android:screenOrientation
		ADDED from ms_gradle\Radar\AndroidManifest.xml:300:13-49
	android:theme
		ADDED from ms_gradle\Radar\AndroidManifest.xml:301:13-58
	android:name
		ADDED from ms_gradle\Radar\AndroidManifest.xml:299:13-59
activity#com.dilapp.radar.ui.skintest.ActivityHistory
ADDED from ms_gradle\Radar\AndroidManifest.xml:302:9-304:51
	android:screenOrientation
		ADDED from ms_gradle\Radar\AndroidManifest.xml:304:13-49
	android:name
		ADDED from ms_gradle\Radar\AndroidManifest.xml:303:13-56
activity#com.dilapp.radar.ui.found.ActivityTopicAll
ADDED from ms_gradle\Radar\AndroidManifest.xml:305:9-307:51
	android:screenOrientation
		ADDED from ms_gradle\Radar\AndroidManifest.xml:307:13-49
	android:name
		ADDED from ms_gradle\Radar\AndroidManifest.xml:306:13-54
activity#com.dilapp.radar.ui.found.ActivityTopicDetail
ADDED from ms_gradle\Radar\AndroidManifest.xml:308:9-310:51
	android:screenOrientation
		ADDED from ms_gradle\Radar\AndroidManifest.xml:310:13-49
	android:name
		ADDED from ms_gradle\Radar\AndroidManifest.xml:309:13-57
activity#com.dilapp.radar.ui.found.ActivityTopicEdit
ADDED from ms_gradle\Radar\AndroidManifest.xml:311:9-314:70
	android:screenOrientation
		ADDED from ms_gradle\Radar\AndroidManifest.xml:313:13-49
	android:windowSoftInputMode
		ADDED from ms_gradle\Radar\AndroidManifest.xml:314:13-68
	android:name
		ADDED from ms_gradle\Radar\AndroidManifest.xml:312:13-55
activity#com.dilapp.radar.ui.found.TopicAllActivity
ADDED from ms_gradle\Radar\AndroidManifest.xml:315:9-317:51
	android:screenOrientation
		ADDED from ms_gradle\Radar\AndroidManifest.xml:317:13-49
	android:name
		ADDED from ms_gradle\Radar\AndroidManifest.xml:316:13-54
activity#com.dilapp.radar.ui.found.SkinSchemeActivity
ADDED from ms_gradle\Radar\AndroidManifest.xml:318:9-320:51
	android:screenOrientation
		ADDED from ms_gradle\Radar\AndroidManifest.xml:320:13-49
	android:name
		ADDED from ms_gradle\Radar\AndroidManifest.xml:319:13-56
activity#com.dilapp.radar.ui.mine.MineTopicActivity
ADDED from ms_gradle\Radar\AndroidManifest.xml:321:9-323:51
	android:screenOrientation
		ADDED from ms_gradle\Radar\AndroidManifest.xml:323:13-49
	android:name
		ADDED from ms_gradle\Radar\AndroidManifest.xml:322:13-54
activity#com.dilapp.radar.ui.mine.MineSpeakActivity
ADDED from ms_gradle\Radar\AndroidManifest.xml:324:9-326:51
	android:screenOrientation
		ADDED from ms_gradle\Radar\AndroidManifest.xml:326:13-49
	android:name
		ADDED from ms_gradle\Radar\AndroidManifest.xml:325:13-54
activity#com.dilapp.radar.ui.mine.ActivityFocusonFans
ADDED from ms_gradle\Radar\AndroidManifest.xml:327:9-329:51
	android:screenOrientation
		ADDED from ms_gradle\Radar\AndroidManifest.xml:329:13-49
	android:name
		ADDED from ms_gradle\Radar\AndroidManifest.xml:328:13-56
activity#com.dilapp.radar.ui.mine.ActivityPersonalInfo
ADDED from ms_gradle\Radar\AndroidManifest.xml:330:9-332:51
	android:screenOrientation
		ADDED from ms_gradle\Radar\AndroidManifest.xml:332:13-49
	android:name
		ADDED from ms_gradle\Radar\AndroidManifest.xml:331:13-57
activity#com.dilapp.radar.ui.mine.ActivityMySpeak
ADDED from ms_gradle\Radar\AndroidManifest.xml:333:9-335:51
	android:screenOrientation
		ADDED from ms_gradle\Radar\AndroidManifest.xml:335:13-49
	android:name
		ADDED from ms_gradle\Radar\AndroidManifest.xml:334:13-52
activity#com.dilapp.radar.ui.mine.ActivityMyTopic
ADDED from ms_gradle\Radar\AndroidManifest.xml:336:9-338:51
	android:screenOrientation
		ADDED from ms_gradle\Radar\AndroidManifest.xml:338:13-49
	android:name
		ADDED from ms_gradle\Radar\AndroidManifest.xml:337:13-52
activity#com.dilapp.radar.ui.mine.ActivityMyMessage
ADDED from ms_gradle\Radar\AndroidManifest.xml:339:9-341:51
	android:screenOrientation
		ADDED from ms_gradle\Radar\AndroidManifest.xml:341:13-49
	android:name
		ADDED from ms_gradle\Radar\AndroidManifest.xml:340:13-54
activity#com.dilapp.radar.ui.mine.ActivityMyFriendsList
ADDED from ms_gradle\Radar\AndroidManifest.xml:342:9-344:51
	android:screenOrientation
		ADDED from ms_gradle\Radar\AndroidManifest.xml:344:13-49
	android:name
		ADDED from ms_gradle\Radar\AndroidManifest.xml:343:13-58
activity#com.dilapp.radar.ui.mine.ActivitySetting
ADDED from ms_gradle\Radar\AndroidManifest.xml:345:9-347:51
	android:screenOrientation
		ADDED from ms_gradle\Radar\AndroidManifest.xml:347:13-49
	android:name
		ADDED from ms_gradle\Radar\AndroidManifest.xml:346:13-52
activity#com.dilapp.radar.ui.mine.ActivityAbout
ADDED from ms_gradle\Radar\AndroidManifest.xml:348:9-350:51
	android:screenOrientation
		ADDED from ms_gradle\Radar\AndroidManifest.xml:350:13-49
	android:name
		ADDED from ms_gradle\Radar\AndroidManifest.xml:349:13-50
activity#com.dilapp.radar.ui.comm.image.ImageBucketActivity
ADDED from ms_gradle\Radar\AndroidManifest.xml:351:9-353:51
	android:screenOrientation
		ADDED from ms_gradle\Radar\AndroidManifest.xml:353:13-49
	android:name
		ADDED from ms_gradle\Radar\AndroidManifest.xml:352:13-78
activity#com.dilapp.radar.ui.comm.image.ImageGridActivity
ADDED from ms_gradle\Radar\AndroidManifest.xml:354:9-356:51
	android:screenOrientation
		ADDED from ms_gradle\Radar\AndroidManifest.xml:356:13-49
	android:name
		ADDED from ms_gradle\Radar\AndroidManifest.xml:355:13-76
activity#com.dilapp.radar.ui.comm.ActivityInputHistory
ADDED from ms_gradle\Radar\AndroidManifest.xml:357:9-361:70
	android:screenOrientation
		ADDED from ms_gradle\Radar\AndroidManifest.xml:359:13-49
	android:windowSoftInputMode
		ADDED from ms_gradle\Radar\AndroidManifest.xml:361:13-68
	android:theme
		ADDED from ms_gradle\Radar\AndroidManifest.xml:360:13-58
	android:name
		ADDED from ms_gradle\Radar\AndroidManifest.xml:358:13-57
activity#com.dilapp.radar.ui.found.FoundTopicActivity
ADDED from ms_gradle\Radar\AndroidManifest.xml:363:9-367:20
	android:screenOrientation
		ADDED from ms_gradle\Radar\AndroidManifest.xml:366:13-49